<?xml version="1.0" encoding="UTF-8"?>
<testsuite xmlns:xsi="http://www.w3.org/2001/XMLSchema-instance" xsi:noNamespaceSchemaLocation="https://maven.apache.org/surefire/maven-surefire-plugin/xsd/surefire-test-report.xsd" name="br.com.erudio.converter.DozerConverterTest" time="0.296" tests="4" errors="0" skipped="0" failures="0">
  <properties>
    <property name="sun.desktop" value="gnome"/>
    <property name="awt.toolkit" value="sun.awt.X11.XToolkit"/>
    <property name="java.specification.version" value="11"/>
    <property name="file.encoding.pkg" value="sun.io"/>
    <property name="jdk.extensions.version" value="11.0.11.0"/>
    <property name="sun.jnu.encoding" value="UTF-8"/>
    <property name="java.class.path" value="/home/bruno-cesar/IdeaProjects/example-application-with-springBoot-and-docker/app/target/test-classes:/home/bruno-cesar/IdeaProjects/example-application-with-springBoot-and-docker/app/target/classes:/home/bruno-cesar/.m2/repository/org/springframework/boot/spring-boot-starter-data-rest/2.1.3.RELEASE/spring-boot-starter-data-rest-2.1.3.RELEASE.jar:/home/bruno-cesar/.m2/repository/org/springframework/boot/spring-boot-starter-web/2.1.3.RELEASE/spring-boot-starter-web-2.1.3.RELEASE.jar:/home/bruno-cesar/.m2/repository/org/springframework/boot/spring-boot-starter-json/2.1.3.RELEASE/spring-boot-starter-json-2.1.3.RELEASE.jar:/home/bruno-cesar/.m2/repository/com/fasterxml/jackson/datatype/jackson-datatype-jdk8/2.9.8/jackson-datatype-jdk8-2.9.8.jar:/home/bruno-cesar/.m2/repository/com/fasterxml/jackson/datatype/jackson-datatype-jsr310/2.9.8/jackson-datatype-jsr310-2.9.8.jar:/home/bruno-cesar/.m2/repository/com/fasterxml/jackson/module/jackson-module-parameter-names/2.9.8/jackson-module-parameter-names-2.9.8.jar:/home/bruno-cesar/.m2/repository/org/springframework/boot/spring-boot-starter-tomcat/2.1.3.RELEASE/spring-boot-starter-tomcat-2.1.3.RELEASE.jar:/home/bruno-cesar/.m2/repository/org/apache/tomcat/embed/tomcat-embed-core/9.0.16/tomcat-embed-core-9.0.16.jar:/home/bruno-cesar/.m2/repository/org/apache/tomcat/embed/tomcat-embed-el/9.0.16/tomcat-embed-el-9.0.16.jar:/home/bruno-cesar/.m2/repository/org/apache/tomcat/embed/tomcat-embed-websocket/9.0.16/tomcat-embed-websocket-9.0.16.jar:/home/bruno-cesar/.m2/repository/org/hibernate/validator/hibernate-validator/6.0.14.Final/hibernate-validator-6.0.14.Final.jar:/home/bruno-cesar/.m2/repository/javax/validation/validation-api/2.0.1.Final/validation-api-2.0.1.Final.jar:/home/bruno-cesar/.m2/repository/org/springframework/data/spring-data-rest-webmvc/3.1.5.RELEASE/spring-data-rest-webmvc-3.1.5.RELEASE.jar:/home/bruno-cesar/.m2/repository/org/springframework/data/spring-data-rest-core/3.1.5.RELEASE/spring-data-rest-core-3.1.5.RELEASE.jar:/home/bruno-cesar/.m2/repository/org/atteo/evo-inflector/1.2.2/evo-inflector-1.2.2.jar:/home/bruno-cesar/.m2/repository/org/springframework/boot/spring-boot-starter-test/2.1.3.RELEASE/spring-boot-starter-test-2.1.3.RELEASE.jar:/home/bruno-cesar/.m2/repository/org/springframework/boot/spring-boot-starter/2.1.3.RELEASE/spring-boot-starter-2.1.3.RELEASE.jar:/home/bruno-cesar/.m2/repository/org/springframework/boot/spring-boot/2.1.3.RELEASE/spring-boot-2.1.3.RELEASE.jar:/home/bruno-cesar/.m2/repository/org/springframework/boot/spring-boot-autoconfigure/2.1.3.RELEASE/spring-boot-autoconfigure-2.1.3.RELEASE.jar:/home/bruno-cesar/.m2/repository/org/springframework/boot/spring-boot-starter-logging/2.1.3.RELEASE/spring-boot-starter-logging-2.1.3.RELEASE.jar:/home/bruno-cesar/.m2/repository/ch/qos/logback/logback-classic/1.2.3/logback-classic-1.2.3.jar:/home/bruno-cesar/.m2/repository/ch/qos/logback/logback-core/1.2.3/logback-core-1.2.3.jar:/home/bruno-cesar/.m2/repository/org/apache/logging/log4j/log4j-to-slf4j/2.11.2/log4j-to-slf4j-2.11.2.jar:/home/bruno-cesar/.m2/repository/org/apache/logging/log4j/log4j-api/2.11.2/log4j-api-2.11.2.jar:/home/bruno-cesar/.m2/repository/org/slf4j/jul-to-slf4j/1.7.25/jul-to-slf4j-1.7.25.jar:/home/bruno-cesar/.m2/repository/javax/annotation/javax.annotation-api/1.3.2/javax.annotation-api-1.3.2.jar:/home/bruno-cesar/.m2/repository/org/springframework/boot/spring-boot-test/2.1.3.RELEASE/spring-boot-test-2.1.3.RELEASE.jar:/home/bruno-cesar/.m2/repository/org/springframework/boot/spring-boot-test-autoconfigure/2.1.3.RELEASE/spring-boot-test-autoconfigure-2.1.3.RELEASE.jar:/home/bruno-cesar/.m2/repository/com/jayway/jsonpath/json-path/2.4.0/json-path-2.4.0.jar:/home/bruno-cesar/.m2/repository/net/minidev/json-smart/2.3/json-smart-2.3.jar:/home/bruno-cesar/.m2/repository/net/minidev/accessors-smart/1.2/accessors-smart-1.2.jar:/home/bruno-cesar/.m2/repository/org/ow2/asm/asm/5.0.4/asm-5.0.4.jar:/home/bruno-cesar/.m2/repository/org/assertj/assertj-core/3.11.1/assertj-core-3.11.1.jar:/home/bruno-cesar/.m2/repository/org/mockito/mockito-core/2.23.4/mockito-core-2.23.4.jar:/home/bruno-cesar/.m2/repository/net/bytebuddy/byte-buddy/1.9.10/byte-buddy-1.9.10.jar:/home/bruno-cesar/.m2/repository/net/bytebuddy/byte-buddy-agent/1.9.10/byte-buddy-agent-1.9.10.jar:/home/bruno-cesar/.m2/repository/org/hamcrest/hamcrest-core/1.3/hamcrest-core-1.3.jar:/home/bruno-cesar/.m2/repository/org/hamcrest/hamcrest-library/1.3/hamcrest-library-1.3.jar:/home/bruno-cesar/.m2/repository/org/skyscreamer/jsonassert/1.5.0/jsonassert-1.5.0.jar:/home/bruno-cesar/.m2/repository/com/vaadin/external/google/android-json/0.0.20131108.vaadin1/android-json-0.0.20131108.vaadin1.jar:/home/bruno-cesar/.m2/repository/org/springframework/spring-core/5.1.5.RELEASE/spring-core-5.1.5.RELEASE.jar:/home/bruno-cesar/.m2/repository/org/springframework/spring-jcl/5.1.5.RELEASE/spring-jcl-5.1.5.RELEASE.jar:/home/bruno-cesar/.m2/repository/org/springframework/spring-test/5.1.5.RELEASE/spring-test-5.1.5.RELEASE.jar:/home/bruno-cesar/.m2/repository/org/xmlunit/xmlunit-core/2.6.2/xmlunit-core-2.6.2.jar:/home/bruno-cesar/.m2/repository/org/springframework/boot/spring-boot-starter-data-jpa/2.1.3.RELEASE/spring-boot-starter-data-jpa-2.1.3.RELEASE.jar:/home/bruno-cesar/.m2/repository/org/springframework/boot/spring-boot-starter-aop/2.1.3.RELEASE/spring-boot-starter-aop-2.1.3.RELEASE.jar:/home/bruno-cesar/.m2/repository/org/aspectj/aspectjweaver/1.9.2/aspectjweaver-1.9.2.jar:/home/bruno-cesar/.m2/repository/org/springframework/boot/spring-boot-starter-jdbc/2.1.3.RELEASE/spring-boot-starter-jdbc-2.1.3.RELEASE.jar:/home/bruno-cesar/.m2/repository/com/zaxxer/HikariCP/3.2.0/HikariCP-3.2.0.jar:/home/bruno-cesar/.m2/repository/org/springframework/spring-jdbc/5.1.5.RELEASE/spring-jdbc-5.1.5.RELEASE.jar:/home/bruno-cesar/.m2/repository/javax/transaction/javax.transaction-api/1.3/javax.transaction-api-1.3.jar:/home/bruno-cesar/.m2/repository/javax/xml/bind/jaxb-api/2.3.1/jaxb-api-2.3.1.jar:/home/bruno-cesar/.m2/repository/javax/activation/javax.activation-api/1.2.0/javax.activation-api-1.2.0.jar:/home/bruno-cesar/.m2/repository/org/hibernate/hibernate-core/5.3.7.Final/hibernate-core-5.3.7.Final.jar:/home/bruno-cesar/.m2/repository/org/jboss/logging/jboss-logging/3.3.2.Final/jboss-logging-3.3.2.Final.jar:/home/bruno-cesar/.m2/repository/javax/persistence/javax.persistence-api/2.2/javax.persistence-api-2.2.jar:/home/bruno-cesar/.m2/repository/org/javassist/javassist/3.23.1-GA/javassist-3.23.1-GA.jar:/home/bruno-cesar/.m2/repository/antlr/antlr/2.7.7/antlr-2.7.7.jar:/home/bruno-cesar/.m2/repository/org/jboss/jandex/2.0.5.Final/jandex-2.0.5.Final.jar:/home/bruno-cesar/.m2/repository/org/dom4j/dom4j/2.1.1/dom4j-2.1.1.jar:/home/bruno-cesar/.m2/repository/org/hibernate/common/hibernate-commons-annotations/5.0.4.Final/hibernate-commons-annotations-5.0.4.Final.jar:/home/bruno-cesar/.m2/repository/org/springframework/data/spring-data-jpa/2.1.5.RELEASE/spring-data-jpa-2.1.5.RELEASE.jar:/home/bruno-cesar/.m2/repository/org/springframework/data/spring-data-commons/2.1.5.RELEASE/spring-data-commons-2.1.5.RELEASE.jar:/home/bruno-cesar/.m2/repository/org/springframework/spring-orm/5.1.5.RELEASE/spring-orm-5.1.5.RELEASE.jar:/home/bruno-cesar/.m2/repository/org/springframework/spring-tx/5.1.5.RELEASE/spring-tx-5.1.5.RELEASE.jar:/home/bruno-cesar/.m2/repository/org/springframework/spring-aspects/5.1.5.RELEASE/spring-aspects-5.1.5.RELEASE.jar:/home/bruno-cesar/.m2/repository/org/springframework/hateoas/spring-hateoas/0.25.1.RELEASE/spring-hateoas-0.25.1.RELEASE.jar:/home/bruno-cesar/.m2/repository/org/springframework/spring-aop/5.1.5.RELEASE/spring-aop-5.1.5.RELEASE.jar:/home/bruno-cesar/.m2/repository/org/springframework/spring-beans/5.1.5.RELEASE/spring-beans-5.1.5.RELEASE.jar:/home/bruno-cesar/.m2/repository/org/springframework/spring-context/5.1.5.RELEASE/spring-context-5.1.5.RELEASE.jar:/home/bruno-cesar/.m2/repository/org/springframework/spring-expression/5.1.5.RELEASE/spring-expression-5.1.5.RELEASE.jar:/home/bruno-cesar/.m2/repository/org/springframework/spring-web/5.1.5.RELEASE/spring-web-5.1.5.RELEASE.jar:/home/bruno-cesar/.m2/repository/org/springframework/spring-webmvc/5.1.5.RELEASE/spring-webmvc-5.1.5.RELEASE.jar:/home/bruno-cesar/.m2/repository/org/slf4j/slf4j-api/1.7.25/slf4j-api-1.7.25.jar:/home/bruno-cesar/.m2/repository/mysql/mysql-connector-java/8.0.15/mysql-connector-java-8.0.15.jar:/home/bruno-cesar/.m2/repository/org/flywaydb/flyway-core/5.2.4/flyway-core-5.2.4.jar:/home/bruno-cesar/.m2/repository/com/github/dozermapper/dozer-core/6.4.1/dozer-core-6.4.1.jar:/home/bruno-cesar/.m2/repository/commons-beanutils/commons-beanutils/1.9.3/commons-beanutils-1.9.3.jar:/home/bruno-cesar/.m2/repository/commons-collections/commons-collections/3.2.2/commons-collections-3.2.2.jar:/home/bruno-cesar/.m2/repository/org/apache/commons/commons-lang3/3.8.1/commons-lang3-3.8.1.jar:/home/bruno-cesar/.m2/repository/commons-io/commons-io/2.5/commons-io-2.5.jar:/home/bruno-cesar/.m2/repository/org/slf4j/jcl-over-slf4j/1.7.25/jcl-over-slf4j-1.7.25.jar:/home/bruno-cesar/.m2/repository/org/objenesis/objenesis/2.6/objenesis-2.6.jar:/home/bruno-cesar/.m2/repository/com/fasterxml/jackson/dataformat/jackson-dataformat-xml/2.9.8/jackson-dataformat-xml-2.9.8.jar:/home/bruno-cesar/.m2/repository/com/fasterxml/jackson/core/jackson-core/2.9.8/jackson-core-2.9.8.jar:/home/bruno-cesar/.m2/repository/com/fasterxml/jackson/core/jackson-annotations/2.9.0/jackson-annotations-2.9.0.jar:/home/bruno-cesar/.m2/repository/com/fasterxml/jackson/core/jackson-databind/2.9.8/jackson-databind-2.9.8.jar:/home/bruno-cesar/.m2/repository/com/fasterxml/jackson/module/jackson-module-jaxb-annotations/2.9.8/jackson-module-jaxb-annotations-2.9.8.jar:/home/bruno-cesar/.m2/repository/org/codehaus/woodstox/stax2-api/3.1.4/stax2-api-3.1.4.jar:/home/bruno-cesar/.m2/repository/com/fasterxml/woodstox/woodstox-core/5.0.3/woodstox-core-5.0.3.jar:/home/bruno-cesar/.m2/repository/com/fasterxml/jackson/dataformat/jackson-dataformat-yaml/2.9.8/jackson-dataformat-yaml-2.9.8.jar:/home/bruno-cesar/.m2/repository/org/yaml/snakeyaml/1.23/snakeyaml-1.23.jar:/home/bruno-cesar/.m2/repository/io/springfox/springfox-swagger2/2.9.2/springfox-swagger2-2.9.2.jar:/home/bruno-cesar/.m2/repository/io/swagger/swagger-annotations/1.5.20/swagger-annotations-1.5.20.jar:/home/bruno-cesar/.m2/repository/io/swagger/swagger-models/1.5.20/swagger-models-1.5.20.jar:/home/bruno-cesar/.m2/repository/io/springfox/springfox-spi/2.9.2/springfox-spi-2.9.2.jar:/home/bruno-cesar/.m2/repository/io/springfox/springfox-core/2.9.2/springfox-core-2.9.2.jar:/home/bruno-cesar/.m2/repository/io/springfox/springfox-schema/2.9.2/springfox-schema-2.9.2.jar:/home/bruno-cesar/.m2/repository/io/springfox/springfox-swagger-common/2.9.2/springfox-swagger-common-2.9.2.jar:/home/bruno-cesar/.m2/repository/io/springfox/springfox-spring-web/2.9.2/springfox-spring-web-2.9.2.jar:/home/bruno-cesar/.m2/repository/com/google/guava/guava/20.0/guava-20.0.jar:/home/bruno-cesar/.m2/repository/com/fasterxml/classmate/1.4.0/classmate-1.4.0.jar:/home/bruno-cesar/.m2/repository/org/springframework/plugin/spring-plugin-core/1.2.0.RELEASE/spring-plugin-core-1.2.0.RELEASE.jar:/home/bruno-cesar/.m2/repository/org/springframework/plugin/spring-plugin-metadata/1.2.0.RELEASE/spring-plugin-metadata-1.2.0.RELEASE.jar:/home/bruno-cesar/.m2/repository/org/mapstruct/mapstruct/1.2.0.Final/mapstruct-1.2.0.Final.jar:/home/bruno-cesar/.m2/repository/io/springfox/springfox-swagger-ui/2.9.2/springfox-swagger-ui-2.9.2.jar:/home/bruno-cesar/.m2/repository/org/springframework/boot/spring-boot-starter-security/2.1.3.RELEASE/spring-boot-starter-security-2.1.3.RELEASE.jar:/home/bruno-cesar/.m2/repository/org/springframework/security/spring-security-config/5.1.4.RELEASE/spring-security-config-5.1.4.RELEASE.jar:/home/bruno-cesar/.m2/repository/org/springframework/security/spring-security-core/5.1.4.RELEASE/spring-security-core-5.1.4.RELEASE.jar:/home/bruno-cesar/.m2/repository/org/springframework/security/spring-security-web/5.1.4.RELEASE/spring-security-web-5.1.4.RELEASE.jar:/home/bruno-cesar/.m2/repository/io/jsonwebtoken/jjwt/0.9.1/jjwt-0.9.1.jar:/home/bruno-cesar/.m2/repository/junit/junit/4.12/junit-4.12.jar:"/>
    <property name="java.vm.vendor" value="Eclipse OpenJ9"/>
    <property name="sun.arch.data.model" value="64"/>
    <property name="com.ibm.vm.bitmode" value="64"/>
    <property name="user.variant" value=""/>
    <property name="com.ibm.oti.vm.library.version" value="29"/>
    <property name="java.vendor.url" value="https://adoptopenjdk.net/"/>
    <property name="user.timezone" value=""/>
    <property name="java.vm.specification.version" value="11"/>
    <property name="os.name" value="Linux"/>
    <property name="sun.java.launcher" value="SUN_STANDARD"/>
    <property name="user.country" value="BR"/>
    <property name="sun.boot.library.path" value="/home/bruno-cesar/.sdkman/candidates/java/11.0.11.j9-adpt/lib/default:/home/bruno-cesar/.sdkman/candidates/java/11.0.11.j9-adpt/lib"/>
    <property name="sun.java.command" value="/home/bruno-cesar/IdeaProjects/example-application-with-springBoot-and-docker/app/target/surefire/surefirebooter12532523584806648619.jar /home/bruno-cesar/IdeaProjects/example-application-with-springBoot-and-docker/app/target/surefire 2022-01-05T12-20-35_956-jvmRun1 surefire1714479174347721066tmp surefire_06107621537987794219tmp"/>
    <property name="surefire.test.class.path" value="/home/bruno-cesar/IdeaProjects/example-application-with-springBoot-and-docker/app/target/test-classes:/home/bruno-cesar/IdeaProjects/example-application-with-springBoot-and-docker/app/target/classes:/home/bruno-cesar/.m2/repository/org/springframework/boot/spring-boot-starter-data-rest/2.1.3.RELEASE/spring-boot-starter-data-rest-2.1.3.RELEASE.jar:/home/bruno-cesar/.m2/repository/org/springframework/boot/spring-boot-starter-web/2.1.3.RELEASE/spring-boot-starter-web-2.1.3.RELEASE.jar:/home/bruno-cesar/.m2/repository/org/springframework/boot/spring-boot-starter-json/2.1.3.RELEASE/spring-boot-starter-json-2.1.3.RELEASE.jar:/home/bruno-cesar/.m2/repository/com/fasterxml/jackson/datatype/jackson-datatype-jdk8/2.9.8/jackson-datatype-jdk8-2.9.8.jar:/home/bruno-cesar/.m2/repository/com/fasterxml/jackson/datatype/jackson-datatype-jsr310/2.9.8/jackson-datatype-jsr310-2.9.8.jar:/home/bruno-cesar/.m2/repository/com/fasterxml/jackson/module/jackson-module-parameter-names/2.9.8/jackson-module-parameter-names-2.9.8.jar:/home/bruno-cesar/.m2/repository/org/springframework/boot/spring-boot-starter-tomcat/2.1.3.RELEASE/spring-boot-starter-tomcat-2.1.3.RELEASE.jar:/home/bruno-cesar/.m2/repository/org/apache/tomcat/embed/tomcat-embed-core/9.0.16/tomcat-embed-core-9.0.16.jar:/home/bruno-cesar/.m2/repository/org/apache/tomcat/embed/tomcat-embed-el/9.0.16/tomcat-embed-el-9.0.16.jar:/home/bruno-cesar/.m2/repository/org/apache/tomcat/embed/tomcat-embed-websocket/9.0.16/tomcat-embed-websocket-9.0.16.jar:/home/bruno-cesar/.m2/repository/org/hibernate/validator/hibernate-validator/6.0.14.Final/hibernate-validator-6.0.14.Final.jar:/home/bruno-cesar/.m2/repository/javax/validation/validation-api/2.0.1.Final/validation-api-2.0.1.Final.jar:/home/bruno-cesar/.m2/repository/org/springframework/data/spring-data-rest-webmvc/3.1.5.RELEASE/spring-data-rest-webmvc-3.1.5.RELEASE.jar:/home/bruno-cesar/.m2/repository/org/springframework/data/spring-data-rest-core/3.1.5.RELEASE/spring-data-rest-core-3.1.5.RELEASE.jar:/home/bruno-cesar/.m2/repository/org/atteo/evo-inflector/1.2.2/evo-inflector-1.2.2.jar:/home/bruno-cesar/.m2/repository/org/springframework/boot/spring-boot-starter-test/2.1.3.RELEASE/spring-boot-starter-test-2.1.3.RELEASE.jar:/home/bruno-cesar/.m2/repository/org/springframework/boot/spring-boot-starter/2.1.3.RELEASE/spring-boot-starter-2.1.3.RELEASE.jar:/home/bruno-cesar/.m2/repository/org/springframework/boot/spring-boot/2.1.3.RELEASE/spring-boot-2.1.3.RELEASE.jar:/home/bruno-cesar/.m2/repository/org/springframework/boot/spring-boot-autoconfigure/2.1.3.RELEASE/spring-boot-autoconfigure-2.1.3.RELEASE.jar:/home/bruno-cesar/.m2/repository/org/springframework/boot/spring-boot-starter-logging/2.1.3.RELEASE/spring-boot-starter-logging-2.1.3.RELEASE.jar:/home/bruno-cesar/.m2/repository/ch/qos/logback/logback-classic/1.2.3/logback-classic-1.2.3.jar:/home/bruno-cesar/.m2/repository/ch/qos/logback/logback-core/1.2.3/logback-core-1.2.3.jar:/home/bruno-cesar/.m2/repository/org/apache/logging/log4j/log4j-to-slf4j/2.11.2/log4j-to-slf4j-2.11.2.jar:/home/bruno-cesar/.m2/repository/org/apache/logging/log4j/log4j-api/2.11.2/log4j-api-2.11.2.jar:/home/bruno-cesar/.m2/repository/org/slf4j/jul-to-slf4j/1.7.25/jul-to-slf4j-1.7.25.jar:/home/bruno-cesar/.m2/repository/javax/annotation/javax.annotation-api/1.3.2/javax.annotation-api-1.3.2.jar:/home/bruno-cesar/.m2/repository/org/springframework/boot/spring-boot-test/2.1.3.RELEASE/spring-boot-test-2.1.3.RELEASE.jar:/home/bruno-cesar/.m2/repository/org/springframework/boot/spring-boot-test-autoconfigure/2.1.3.RELEASE/spring-boot-test-autoconfigure-2.1.3.RELEASE.jar:/home/bruno-cesar/.m2/repository/com/jayway/jsonpath/json-path/2.4.0/json-path-2.4.0.jar:/home/bruno-cesar/.m2/repository/net/minidev/json-smart/2.3/json-smart-2.3.jar:/home/bruno-cesar/.m2/repository/net/minidev/accessors-smart/1.2/accessors-smart-1.2.jar:/home/bruno-cesar/.m2/repository/org/ow2/asm/asm/5.0.4/asm-5.0.4.jar:/home/bruno-cesar/.m2/repository/org/assertj/assertj-core/3.11.1/assertj-core-3.11.1.jar:/home/bruno-cesar/.m2/repository/org/mockito/mockito-core/2.23.4/mockito-core-2.23.4.jar:/home/bruno-cesar/.m2/repository/net/bytebuddy/byte-buddy/1.9.10/byte-buddy-1.9.10.jar:/home/bruno-cesar/.m2/repository/net/bytebuddy/byte-buddy-agent/1.9.10/byte-buddy-agent-1.9.10.jar:/home/bruno-cesar/.m2/repository/org/hamcrest/hamcrest-core/1.3/hamcrest-core-1.3.jar:/home/bruno-cesar/.m2/repository/org/hamcrest/hamcrest-library/1.3/hamcrest-library-1.3.jar:/home/bruno-cesar/.m2/repository/org/skyscreamer/jsonassert/1.5.0/jsonassert-1.5.0.jar:/home/bruno-cesar/.m2/repository/com/vaadin/external/google/android-json/0.0.20131108.vaadin1/android-json-0.0.20131108.vaadin1.jar:/home/bruno-cesar/.m2/repository/org/springframework/spring-core/5.1.5.RELEASE/spring-core-5.1.5.RELEASE.jar:/home/bruno-cesar/.m2/repository/org/springframework/spring-jcl/5.1.5.RELEASE/spring-jcl-5.1.5.RELEASE.jar:/home/bruno-cesar/.m2/repository/org/springframework/spring-test/5.1.5.RELEASE/spring-test-5.1.5.RELEASE.jar:/home/bruno-cesar/.m2/repository/org/xmlunit/xmlunit-core/2.6.2/xmlunit-core-2.6.2.jar:/home/bruno-cesar/.m2/repository/org/springframework/boot/spring-boot-starter-data-jpa/2.1.3.RELEASE/spring-boot-starter-data-jpa-2.1.3.RELEASE.jar:/home/bruno-cesar/.m2/repository/org/springframework/boot/spring-boot-starter-aop/2.1.3.RELEASE/spring-boot-starter-aop-2.1.3.RELEASE.jar:/home/bruno-cesar/.m2/repository/org/aspectj/aspectjweaver/1.9.2/aspectjweaver-1.9.2.jar:/home/bruno-cesar/.m2/repository/org/springframework/boot/spring-boot-starter-jdbc/2.1.3.RELEASE/spring-boot-starter-jdbc-2.1.3.RELEASE.jar:/home/bruno-cesar/.m2/repository/com/zaxxer/HikariCP/3.2.0/HikariCP-3.2.0.jar:/home/bruno-cesar/.m2/repository/org/springframework/spring-jdbc/5.1.5.RELEASE/spring-jdbc-5.1.5.RELEASE.jar:/home/bruno-cesar/.m2/repository/javax/transaction/javax.transaction-api/1.3/javax.transaction-api-1.3.jar:/home/bruno-cesar/.m2/repository/javax/xml/bind/jaxb-api/2.3.1/jaxb-api-2.3.1.jar:/home/bruno-cesar/.m2/repository/javax/activation/javax.activation-api/1.2.0/javax.activation-api-1.2.0.jar:/home/bruno-cesar/.m2/repository/org/hibernate/hibernate-core/5.3.7.Final/hibernate-core-5.3.7.Final.jar:/home/bruno-cesar/.m2/repository/org/jboss/logging/jboss-logging/3.3.2.Final/jboss-logging-3.3.2.Final.jar:/home/bruno-cesar/.m2/repository/javax/persistence/javax.persistence-api/2.2/javax.persistence-api-2.2.jar:/home/bruno-cesar/.m2/repository/org/javassist/javassist/3.23.1-GA/javassist-3.23.1-GA.jar:/home/bruno-cesar/.m2/repository/antlr/antlr/2.7.7/antlr-2.7.7.jar:/home/bruno-cesar/.m2/repository/org/jboss/jandex/2.0.5.Final/jandex-2.0.5.Final.jar:/home/bruno-cesar/.m2/repository/org/dom4j/dom4j/2.1.1/dom4j-2.1.1.jar:/home/bruno-cesar/.m2/repository/org/hibernate/common/hibernate-commons-annotations/5.0.4.Final/hibernate-commons-annotations-5.0.4.Final.jar:/home/bruno-cesar/.m2/repository/org/springframework/data/spring-data-jpa/2.1.5.RELEASE/spring-data-jpa-2.1.5.RELEASE.jar:/home/bruno-cesar/.m2/repository/org/springframework/data/spring-data-commons/2.1.5.RELEASE/spring-data-commons-2.1.5.RELEASE.jar:/home/bruno-cesar/.m2/repository/org/springframework/spring-orm/5.1.5.RELEASE/spring-orm-5.1.5.RELEASE.jar:/home/bruno-cesar/.m2/repository/org/springframework/spring-tx/5.1.5.RELEASE/spring-tx-5.1.5.RELEASE.jar:/home/bruno-cesar/.m2/repository/org/springframework/spring-aspects/5.1.5.RELEASE/spring-aspects-5.1.5.RELEASE.jar:/home/bruno-cesar/.m2/repository/org/springframework/hateoas/spring-hateoas/0.25.1.RELEASE/spring-hateoas-0.25.1.RELEASE.jar:/home/bruno-cesar/.m2/repository/org/springframework/spring-aop/5.1.5.RELEASE/spring-aop-5.1.5.RELEASE.jar:/home/bruno-cesar/.m2/repository/org/springframework/spring-beans/5.1.5.RELEASE/spring-beans-5.1.5.RELEASE.jar:/home/bruno-cesar/.m2/repository/org/springframework/spring-context/5.1.5.RELEASE/spring-context-5.1.5.RELEASE.jar:/home/bruno-cesar/.m2/repository/org/springframework/spring-expression/5.1.5.RELEASE/spring-expression-5.1.5.RELEASE.jar:/home/bruno-cesar/.m2/repository/org/springframework/spring-web/5.1.5.RELEASE/spring-web-5.1.5.RELEASE.jar:/home/bruno-cesar/.m2/repository/org/springframework/spring-webmvc/5.1.5.RELEASE/spring-webmvc-5.1.5.RELEASE.jar:/home/bruno-cesar/.m2/repository/org/slf4j/slf4j-api/1.7.25/slf4j-api-1.7.25.jar:/home/bruno-cesar/.m2/repository/mysql/mysql-connector-java/8.0.15/mysql-connector-java-8.0.15.jar:/home/bruno-cesar/.m2/repository/org/flywaydb/flyway-core/5.2.4/flyway-core-5.2.4.jar:/home/bruno-cesar/.m2/repository/com/github/dozermapper/dozer-core/6.4.1/dozer-core-6.4.1.jar:/home/bruno-cesar/.m2/repository/commons-beanutils/commons-beanutils/1.9.3/commons-beanutils-1.9.3.jar:/home/bruno-cesar/.m2/repository/commons-collections/commons-collections/3.2.2/commons-collections-3.2.2.jar:/home/bruno-cesar/.m2/repository/org/apache/commons/commons-lang3/3.8.1/commons-lang3-3.8.1.jar:/home/bruno-cesar/.m2/repository/commons-io/commons-io/2.5/commons-io-2.5.jar:/home/bruno-cesar/.m2/repository/org/slf4j/jcl-over-slf4j/1.7.25/jcl-over-slf4j-1.7.25.jar:/home/bruno-cesar/.m2/repository/org/objenesis/objenesis/2.6/objenesis-2.6.jar:/home/bruno-cesar/.m2/repository/com/fasterxml/jackson/dataformat/jackson-dataformat-xml/2.9.8/jackson-dataformat-xml-2.9.8.jar:/home/bruno-cesar/.m2/repository/com/fasterxml/jackson/core/jackson-core/2.9.8/jackson-core-2.9.8.jar:/home/bruno-cesar/.m2/repository/com/fasterxml/jackson/core/jackson-annotations/2.9.0/jackson-annotations-2.9.0.jar:/home/bruno-cesar/.m2/repository/com/fasterxml/jackson/core/jackson-databind/2.9.8/jackson-databind-2.9.8.jar:/home/bruno-cesar/.m2/repository/com/fasterxml/jackson/module/jackson-module-jaxb-annotations/2.9.8/jackson-module-jaxb-annotations-2.9.8.jar:/home/bruno-cesar/.m2/repository/org/codehaus/woodstox/stax2-api/3.1.4/stax2-api-3.1.4.jar:/home/bruno-cesar/.m2/repository/com/fasterxml/woodstox/woodstox-core/5.0.3/woodstox-core-5.0.3.jar:/home/bruno-cesar/.m2/repository/com/fasterxml/jackson/dataformat/jackson-dataformat-yaml/2.9.8/jackson-dataformat-yaml-2.9.8.jar:/home/bruno-cesar/.m2/repository/org/yaml/snakeyaml/1.23/snakeyaml-1.23.jar:/home/bruno-cesar/.m2/repository/io/springfox/springfox-swagger2/2.9.2/springfox-swagger2-2.9.2.jar:/home/bruno-cesar/.m2/repository/io/swagger/swagger-annotations/1.5.20/swagger-annotations-1.5.20.jar:/home/bruno-cesar/.m2/repository/io/swagger/swagger-models/1.5.20/swagger-models-1.5.20.jar:/home/bruno-cesar/.m2/repository/io/springfox/springfox-spi/2.9.2/springfox-spi-2.9.2.jar:/home/bruno-cesar/.m2/repository/io/springfox/springfox-core/2.9.2/springfox-core-2.9.2.jar:/home/bruno-cesar/.m2/repository/io/springfox/springfox-schema/2.9.2/springfox-schema-2.9.2.jar:/home/bruno-cesar/.m2/repository/io/springfox/springfox-swagger-common/2.9.2/springfox-swagger-common-2.9.2.jar:/home/bruno-cesar/.m2/repository/io/springfox/springfox-spring-web/2.9.2/springfox-spring-web-2.9.2.jar:/home/bruno-cesar/.m2/repository/com/google/guava/guava/20.0/guava-20.0.jar:/home/bruno-cesar/.m2/repository/com/fasterxml/classmate/1.4.0/classmate-1.4.0.jar:/home/bruno-cesar/.m2/repository/org/springframework/plugin/spring-plugin-core/1.2.0.RELEASE/spring-plugin-core-1.2.0.RELEASE.jar:/home/bruno-cesar/.m2/repository/org/springframework/plugin/spring-plugin-metadata/1.2.0.RELEASE/spring-plugin-metadata-1.2.0.RELEASE.jar:/home/bruno-cesar/.m2/repository/org/mapstruct/mapstruct/1.2.0.Final/mapstruct-1.2.0.Final.jar:/home/bruno-cesar/.m2/repository/io/springfox/springfox-swagger-ui/2.9.2/springfox-swagger-ui-2.9.2.jar:/home/bruno-cesar/.m2/repository/org/springframework/boot/spring-boot-starter-security/2.1.3.RELEASE/spring-boot-starter-security-2.1.3.RELEASE.jar:/home/bruno-cesar/.m2/repository/org/springframework/security/spring-security-config/5.1.4.RELEASE/spring-security-config-5.1.4.RELEASE.jar:/home/bruno-cesar/.m2/repository/org/springframework/security/spring-security-core/5.1.4.RELEASE/spring-security-core-5.1.4.RELEASE.jar:/home/bruno-cesar/.m2/repository/org/springframework/security/spring-security-web/5.1.4.RELEASE/spring-security-web-5.1.4.RELEASE.jar:/home/bruno-cesar/.m2/repository/io/jsonwebtoken/jjwt/0.9.1/jjwt-0.9.1.jar:/home/bruno-cesar/.m2/repository/junit/junit/4.12/junit-4.12.jar:"/>
    <property name="sun.cpu.endian" value="little"/>
    <property name="user.home" value="/home/bruno-cesar"/>
    <property name="user.language" value="pt"/>
    <property name="java.specification.vendor" value="Oracle Corporation"/>
    <property name="java.version.date" value="2021-04-20"/>
    <property name="java.home" value="/home/bruno-cesar/.sdkman/candidates/java/11.0.11.j9-adpt"/>
    <property name="ibm.signalhandling.rs" value="false"/>
    <property name="jdk.extensions.name" value="Extensions for OpenJDK for Eclipse OpenJ9"/>
    <property name="file.separator" value="/"/>
    <property name="basedir" value="/home/bruno-cesar/IdeaProjects/example-application-with-springBoot-and-docker/app"/>
    <property name="line.separator" value="&#10;"/>
    <property name="java.specification.name" value="Java Platform API Specification"/>
    <property name="java.vm.specification.vendor" value="Oracle Corporation"/>
    <property name="java.compiler" value="j9jit29"/>
    <property name="com.ibm.util.extralibs.properties" value=""/>
    <property name="sun.java.launcher.pid" value="62112"/>
    <property name="java.awt.graphicsenv" value="sun.awt.X11GraphicsEnvironment"/>
    <property name="com.ibm.oti.configuration" value="scar"/>
    <property name="java.awt.fonts" value=""/>
    <property name="surefire.real.class.path" value="/home/bruno-cesar/IdeaProjects/example-application-with-springBoot-and-docker/app/target/surefire/surefirebooter12532523584806648619.jar"/>
    <property name="com.ibm.oti.shared.enabled" value="false"/>
    <property name="com.ibm.oti.vm.bootstrap.library.path" value="/home/bruno-cesar/.sdkman/candidates/java/11.0.11.j9-adpt/lib/default:/home/bruno-cesar/.sdkman/candidates/java/11.0.11.j9-adpt/lib"/>
    <property name="com.ibm.cpu.endian" value="little"/>
    <property name="java.fullversion" value="11.0.11+9&#10;JRE 11 Linux amd64-64-Bit Compressed References 20210421_975 (JIT enabled, AOT enabled)&#10;OpenJ9   - b4cc246d9&#10;OMR      - 162e6f729&#10;JCL      - 7796c80419 based on jdk-11.0.11+9"/>
    <property name="java.runtime.version" value="11.0.11+9"/>
    <property name="user.name" value="bruno-cesar"/>
    <property name="path.separator" value=":"/>
    <property name="os.version" value="5.10.0-1053-oem"/>
    <property name="java.runtime.name" value="OpenJDK Runtime Environment"/>
    <property name="ibm.signalhandling.sigint" value="true"/>
    <property name="file.encoding" value="UTF-8"/>
    <property name="java.vm.name" value="Eclipse OpenJ9 VM"/>
    <property name="java.vendor.version" value="AdoptOpenJDK-11.0.11+9"/>
    <property name="ibm.signalhandling.sigchain" value="true"/>
    <property name="localRepository" value="/home/bruno-cesar/.m2/repository"/>
    <property name="java.vendor.url.bug" value="https://github.com/AdoptOpenJDK/openjdk-support/issues"/>
    <property name="java.io.tmpdir" value="/tmp"/>
    <property name="java.version" value="11.0.11"/>
    <property name="com.ibm.system.agent.path" value="/home/bruno-cesar/.sdkman/candidates/java/11.0.11.j9-adpt/lib"/>
    <property name="user.dir" value="/home/bruno-cesar/IdeaProjects/example-application-with-springBoot-and-docker/app"/>
    <property name="os.arch" value="amd64"/>
    <property name="java.vm.specification.name" value="Java Virtual Machine Specification"/>
    <property name="java.awt.printerjob" value="sun.print.PSPrinterJob"/>
    <property name="os.encoding" value="UTF-8"/>
    <property name="java.library.path" value="/home/bruno-cesar/.sdkman/candidates/java/11.0.11.j9-adpt/lib/default:/home/bruno-cesar/.sdkman/candidates/java/11.0.11.j9-adpt/lib:/usr/lib64:/usr/lib"/>
    <property name="java.vm.info" value="JRE 11 Linux amd64-64-Bit Compressed References 20210421_975 (JIT enabled, AOT enabled)&#10;OpenJ9   - b4cc246d9&#10;OMR      - 162e6f729&#10;JCL      - 7796c80419 based on jdk-11.0.11+9"/>
    <property name="java.vendor" value="AdoptOpenJDK"/>
    <property name="java.vm.version" value="openj9-0.26.0"/>
    <property name="com.ibm.jcl.checkClassPath" value=""/>
    <property name="ibm.system.encoding" value="UTF-8"/>
    <property name="sun.io.unicode.encoding" value="UnicodeLittle"/>
    <property name="java.class.version" value="55.0"/>
  </properties>
  <testcase name="parserVOListToEntityListTest" classname="br.com.erudio.converter.DozerConverterTest" time="0.229"/>
  <testcase name="parseVOToEntityTest" classname="br.com.erudio.converter.DozerConverterTest" time="0"/>
  <testcase name="parseEntityListToVOListTest" classname="br.com.erudio.converter.DozerConverterTest" time="0.031"/>
  <testcase name="parseEntityToVOTest" classname="br.com.erudio.converter.DozerConverterTest" time="0"/>
</testsuite>